<?xml version="1.0" encoding="utf-8" ?>
<!DOCTYPE html PUBLIC "-//W3C//DTD XHTML 1.0 Strict//EN"
        "http://www.w3.org/TR/xhtml1/DTD/xhtml1-strict.dtd">
<html xmlns="http://www.w3.org/1999/xhtml" xml:lang="" lang="">
<head>
  <title>Test Results Report - Flight Search Test</title>
  <meta http-equiv="Content-Type" content="text/html;charset=utf-8" />
  <meta name="description" content="TestNG unit test results." />
  <link href="reportng.css" rel="stylesheet" type="text/css" />
    <script type="text/javascript" src="reportng.js"></script>
</head>
<body>
<h1>Flight Search Test</h1>
<p>
  Test duration: 36.464s
</p>



  <table class="resultsTable">
    <tr><th colspan="3" class="header failed">Failed Tests</th></tr>
          <tr>
        <td colspan="3" class="group">com.w2a.testcases.FlightSearchTest</td>
      </tr>
            
<tr>
  <td class="method">
                  flightSearchTest
      </td>
  <td class="duration">
    10.873s
  </td>
  <td class="result">
        
          <i>Method arguments: </i><span class="arguments">{toDate=14/12/2017, fromDate=12/12/17, runmode=Y, toCity=Seattle, WA, United States (SEA-Seattle - Tacoma Intl.), noOfAdults=2.0, noOfChildern=2.0, fromCity=Delhi, India (DEL-Indira Gandhi Intl.)}</span><br />
    
            <div class="testOutput">
                        Click to see Screenshot
                                <a target="_blank" href=Thu_Oct_15_11_45_15_IST_2020.jpg>Screenshot</a>
                                <br>
                                <br>
                                <a target="_blank" href=Thu_Oct_15_11_45_15_IST_2020.jpg><img src=Thu_Oct_15_11_45_15_IST_2020.jpg height=200 width=200></img></a>
                  </div>
    

        <a href="javascript:toggleElement('exception-0', 'block')" title="Click to expand/collapse"><b>java.lang.Throwable: Multiple failures (2):<br/>
<br/>
Failure 1 of 2:<br/>
java.lang.AssertionError: expected [7] but found [5]<br/>
	at org.testng.Assert.fail(Assert.java:93)<br/>
	at org.testng.Assert.failNotEquals(Assert.java:512)<br/>
	at org.testng.Assert.assertEqualsImpl(Assert.java:134)<br/>
	at org.testng.Assert.assertEquals(Assert.java:115)<br/>
	at org.testng.Assert.assertEquals(Assert.java:178)<br/>
	at com.w2a.errorcollectors.ErrorCollector.assertEquals(ErrorCollector.java:38)<br/>
	at com.w2a.errorcollectors.ErrorCollector.verifyEquals(ErrorCollector.java:102)<br/>
	at com.w2a.testcases.FlightSearchTest.flightSearchTest(FlightSearchTest.java:35)<br/>
	at sun.reflect.NativeMethodAccessorImpl.invoke0(Native Method)<br/>
	at sun.reflect.NativeMethodAccessorImpl.invoke(NativeMethodAccessorImpl.java:62)<br/>
	at sun.reflect.DelegatingMethodAccessorImpl.invoke(DelegatingMethodAccessorImpl.java:43)<br/>
	at java.lang.reflect.Method.invoke(Method.java:498)<br/>
	at org.testng.internal.MethodInvocationHelper.invokeMethod(MethodInvocationHelper.java:108)<br/>
	at org.testng.internal.Invoker.invokeMethod(Invoker.java:661)<br/>
	at org.testng.internal.Invoker.invokeTestMethod(Invoker.java:869)<br/>
	at org.testng.internal.Invoker.invokeTestMethods(Invoker.java:1193)<br/>
	at org.testng.internal.TestMethodWorker.invokeTestMethods(TestMethodWorker.java:126)<br/>
	at org.testng.internal.TestMethodWorker.run(TestMethodWorker.java:109)<br/>
	at org.testng.TestRunner.privateRun(TestRunner.java:744)<br/>
	at org.testng.TestRunner.run(TestRunner.java:602)<br/>
	at org.testng.SuiteRunner.runTest(SuiteRunner.java:380)<br/>
	at org.testng.SuiteRunner.runSequentially(SuiteRunner.java:375)<br/>
	at org.testng.SuiteRunner.privateRun(SuiteRunner.java:340)<br/>
	at org.testng.SuiteRunner.run(SuiteRunner.java:289)<br/>
	at org.testng.SuiteRunnerWorker.runSuite(SuiteRunnerWorker.java:52)<br/>
	at org.testng.SuiteRunnerWorker.run(SuiteRunnerWorker.java:86)<br/>
	at org.testng.TestNG.runSuitesSequentially(TestNG.java:1301)<br/>
	at org.testng.TestNG.runSuitesLocally(TestNG.java:1226)<br/>
	at org.testng.TestNG.runSuites(TestNG.java:1144)<br/>
	at org.testng.TestNG.run(TestNG.java:1115)<br/>
	at org.apache.maven.surefire.testng.TestNGExecutor.run(TestNGExecutor.java:295)<br/>
	at org.apache.maven.surefire.testng.TestNGXmlTestSuite.execute(TestNGXmlTestSuite.java:84)<br/>
	at org.apache.maven.surefire.testng.TestNGProvider.invoke(TestNGProvider.java:90)<br/>
	at org.apache.maven.surefire.booter.ForkedBooter.invokeProviderInSameClassLoader(ForkedBooter.java:203)<br/>
	at org.apache.maven.surefire.booter.ForkedBooter.runSuitesInProcess(ForkedBooter.java:155)<br/>
	at org.apache.maven.surefire.booter.ForkedBooter.main(ForkedBooter.java:103)<br/>
<br/>
<br/>
Failure 2 of 2:<br/>
org.openqa.selenium.NoSuchElementException: Timed out after 10 seconds. Unable to locate the element<br/>
For documentation on this error, please visit: http://seleniumhq.org/exceptions/no_such_element.html<br/>
Build info: version: &apos;2.53.1&apos;, revision: &apos;a36b8b1cd5757287168e54b817830adce9b0158d&apos;, time: &apos;2016-06-30 19:26:09&apos;<br/>
System info: host: &apos;DESKTOP-7C9IAI1&apos;, ip: &apos;192.168.100.14&apos;, os.name: &apos;Windows 10&apos;, os.arch: &apos;amd64&apos;, os.version: &apos;10.0&apos;, java.version: &apos;1.8.0_261&apos;<br/>
Driver info: driver.version: unknown</b></a><br />
    <div class="stackTrace" id="exception-0">
              org.openqa.selenium.support.pagefactory.AjaxElementLocator.findElement(AjaxElementLocator.java:91)<br />
              org.openqa.selenium.support.pagefactory.internal.LocatingElementHandler.invoke(LocatingElementHandler.java:38)<br />
              com.sun.proxy.$Proxy6.click(Unknown Source)<br />
              com.w2a.base.Page.click(Page.java:89)<br />
              com.w2a.pages.actions.HomePage.gotoFlights(HomePage.java:27)<br />
              com.w2a.testcases.FlightSearchTest.flightSearchTest(FlightSearchTest.java:36)<br />
              sun.reflect.NativeMethodAccessorImpl.invoke0(Native Method)<br />
              sun.reflect.NativeMethodAccessorImpl.invoke(NativeMethodAccessorImpl.java:62)<br />
              sun.reflect.DelegatingMethodAccessorImpl.invoke(DelegatingMethodAccessorImpl.java:43)<br />
              java.lang.reflect.Method.invoke(Method.java:498)<br />
              org.testng.internal.MethodInvocationHelper.invokeMethod(MethodInvocationHelper.java:108)<br />
              org.testng.internal.Invoker.invokeMethod(Invoker.java:661)<br />
              org.testng.internal.Invoker.invokeTestMethod(Invoker.java:869)<br />
              org.testng.internal.Invoker.invokeTestMethods(Invoker.java:1193)<br />
              org.testng.internal.TestMethodWorker.invokeTestMethods(TestMethodWorker.java:126)<br />
              org.testng.internal.TestMethodWorker.run(TestMethodWorker.java:109)<br />
              org.testng.TestRunner.privateRun(TestRunner.java:744)<br />
              org.testng.TestRunner.run(TestRunner.java:602)<br />
              org.testng.SuiteRunner.runTest(SuiteRunner.java:380)<br />
              org.testng.SuiteRunner.runSequentially(SuiteRunner.java:375)<br />
              org.testng.SuiteRunner.privateRun(SuiteRunner.java:340)<br />
              org.testng.SuiteRunner.run(SuiteRunner.java:289)<br />
              org.testng.SuiteRunnerWorker.runSuite(SuiteRunnerWorker.java:52)<br />
              org.testng.SuiteRunnerWorker.run(SuiteRunnerWorker.java:86)<br />
              org.testng.TestNG.runSuitesSequentially(TestNG.java:1301)<br />
              org.testng.TestNG.runSuitesLocally(TestNG.java:1226)<br />
              org.testng.TestNG.runSuites(TestNG.java:1144)<br />
              org.testng.TestNG.run(TestNG.java:1115)<br />
              org.apache.maven.surefire.testng.TestNGExecutor.run(TestNGExecutor.java:295)<br />
              org.apache.maven.surefire.testng.TestNGXmlTestSuite.execute(TestNGXmlTestSuite.java:84)<br />
              org.apache.maven.surefire.testng.TestNGProvider.invoke(TestNGProvider.java:90)<br />
              org.apache.maven.surefire.booter.ForkedBooter.invokeProviderInSameClassLoader(ForkedBooter.java:203)<br />
              org.apache.maven.surefire.booter.ForkedBooter.runSuitesInProcess(ForkedBooter.java:155)<br />
              org.apache.maven.surefire.booter.ForkedBooter.main(ForkedBooter.java:103)<br />
                </div>
      </td>
</tr>
      </table>


  
</body>
</html>
